<?xml version='1.0' encoding='UTF-8'?>
<testsuite hostname="knoldus-Inspiron-5558" name="controllers.HomeControllerSpec" tests="2" errors="0" failures="2" skipped="0" time="0.455">
                     <properties>
[...]
</properties>
                     <testcase classname="controllers.HomeControllerSpec" name="HomeController GET should render the index page from the application" time="0.254">
                                                 <failure message="com.google.inject.ProvisionException: Unable to provision, see the following errors:

1) Error in custom provider, play.api.cache.ehcache.EhCacheExistsException: An EhCache instance with name 'play' already exists.

This usually indicates that multiple instances of a dependent component (e.g. a Play application) have been started at the same time.
         
  at play.api.cache.ehcache.EhCacheModule$$anonfun$$lessinit$greater$1.bindCache$1(EhCacheApi.scala:79):
Binding(interface net.sf.ehcache.Ehcache qualified with QualifierInstance(@play.cache.NamedCache(value=play)) to ProviderTarget(play.api.cache.ehcache.NamedEhCacheProvider@5a141856)) (via modules: com.google.inject.util.Modules$OverrideModule -&gt; play.api.inject.guice.GuiceableModuleConversions$$anon$1)
  while locating net.sf.ehcache.Ehcache annotated with @play.cache.NamedCache(value=play)
  at play.api.cache.ehcache.EhCacheModule$$anonfun$$lessinit$greater$1.bindCache$1(EhCacheApi.scala:80):
Binding(interface play.api.cache.AsyncCacheApi qualified with QualifierInstance(@play.cache.NamedCache(value=play)) to ProviderTarget(play.api.cache.ehcache.NamedAsyncCacheApiProvider@499fe6a4)) (via modules: com.google.inject.util.Modules$OverrideModule -&gt; play.api.inject.guice.GuiceableModuleConversions$$anon$1)
  while locating play.api.cache.AsyncCacheApi annotated with @play.cache.NamedCache(value=play)
  while locating play.api.cache.AsyncCacheApi
    for the 1st parameter of models.UserInfoRepo.&lt;init&gt;(UserInfoRepo.scala:10)
  while locating models.UserInfoRepo
    for the 2nd parameter of controllers.HomeController.&lt;init&gt;(HomeController.scala:18)
  at controllers.HomeController.class(HomeController.scala:18)
  while locating controllers.HomeController
    for the 2nd parameter of router.Routes.&lt;init&gt;(Routes.scala:29)
  while locating router.Routes
  while locating play.api.inject.RoutesProvider
  while locating play.api.routing.Router
    for the 1st parameter of play.api.http.JavaCompatibleHttpRequestHandler.&lt;init&gt;(HttpRequestHandler.scala:222)
  while locating play.api.http.JavaCompatibleHttpRequestHandler
  while locating play.api.http.HttpRequestHandler
    for the 6th parameter of play.api.DefaultApplication.&lt;init&gt;(Application.scala:236)
  at play.api.DefaultApplication.class(Application.scala:235)
  while locating play.api.DefaultApplication
  while locating play.api.Application

1 error" type="sbt.ForkMain$ForkError">sbt.ForkMain$ForkError: com.google.inject.ProvisionException: Unable to provision, see the following errors:

1) Error in custom provider, play.api.cache.ehcache.EhCacheExistsException: An EhCache instance with name 'play' already exists.

This usually indicates that multiple instances of a dependent component (e.g. a Play application) have been started at the same time.
         
  at play.api.cache.ehcache.EhCacheModule$$anonfun$$lessinit$greater$1.bindCache$1(EhCacheApi.scala:79):
Binding(interface net.sf.ehcache.Ehcache qualified with QualifierInstance(@play.cache.NamedCache(value=play)) to ProviderTarget(play.api.cache.ehcache.NamedEhCacheProvider@5a141856)) (via modules: com.google.inject.util.Modules$OverrideModule -&gt; play.api.inject.guice.GuiceableModuleConversions$$anon$1)
  while locating net.sf.ehcache.Ehcache annotated with @play.cache.NamedCache(value=play)
  at play.api.cache.ehcache.EhCacheModule$$anonfun$$lessinit$greater$1.bindCache$1(EhCacheApi.scala:80):
Binding(interface play.api.cache.AsyncCacheApi qualified with QualifierInstance(@play.cache.NamedCache(value=play)) to ProviderTarget(play.api.cache.ehcache.NamedAsyncCacheApiProvider@499fe6a4)) (via modules: com.google.inject.util.Modules$OverrideModule -&gt; play.api.inject.guice.GuiceableModuleConversions$$anon$1)
  while locating play.api.cache.AsyncCacheApi annotated with @play.cache.NamedCache(value=play)
  while locating play.api.cache.AsyncCacheApi
    for the 1st parameter of models.UserInfoRepo.&lt;init&gt;(UserInfoRepo.scala:10)
  while locating models.UserInfoRepo
    for the 2nd parameter of controllers.HomeController.&lt;init&gt;(HomeController.scala:18)
  at controllers.HomeController.class(HomeController.scala:18)
  while locating controllers.HomeController
    for the 2nd parameter of router.Routes.&lt;init&gt;(Routes.scala:29)
  while locating router.Routes
  while locating play.api.inject.RoutesProvider
  while locating play.api.routing.Router
    for the 1st parameter of play.api.http.JavaCompatibleHttpRequestHandler.&lt;init&gt;(HttpRequestHandler.scala:222)
  while locating play.api.http.JavaCompatibleHttpRequestHandler
  while locating play.api.http.HttpRequestHandler
    for the 6th parameter of play.api.DefaultApplication.&lt;init&gt;(Application.scala:236)
  at play.api.DefaultApplication.class(Application.scala:235)
  while locating play.api.DefaultApplication
  while locating play.api.Application

1 error
	at com.google.inject.internal.InjectorImpl$2.get(InjectorImpl.java:1028)
	at com.google.inject.internal.InjectorImpl.getInstance(InjectorImpl.java:1054)
	at play.api.inject.guice.GuiceInjector.instanceOf(GuiceInjectorBuilder.scala:409)
	at play.api.inject.guice.GuiceInjector.instanceOf(GuiceInjectorBuilder.scala:404)
	at play.api.inject.ContextClassLoaderInjector.$anonfun$instanceOf$2(Injector.scala:117)
	at play.api.inject.ContextClassLoaderInjector.withContext(Injector.scala:126)
	at play.api.inject.ContextClassLoaderInjector.instanceOf(Injector.scala:117)
	at play.api.inject.guice.GuiceApplicationBuilder.build(GuiceApplicationBuilder.scala:137)
	at org.scalatestplus.play.guice.GuiceFakeApplicationFactory.fakeApplication(GuiceFakeApplicationFactory.scala:16)
	at org.scalatestplus.play.guice.GuiceFakeApplicationFactory.fakeApplication$(GuiceFakeApplicationFactory.scala:16)
	at controllers.HomeControllerSpec.fakeApplication(HomeControllerSpec.scala:14)
	at org.scalatestplus.play.BaseOneAppPerTest.newAppForTest(BaseOneAppPerTest.scala:55)
	at org.scalatestplus.play.BaseOneAppPerTest.newAppForTest$(BaseOneAppPerTest.scala:55)
	at controllers.HomeControllerSpec.newAppForTest(HomeControllerSpec.scala:14)
	at org.scalatestplus.play.BaseOneAppPerTest.withFixture(BaseOneAppPerTest.scala:73)
	at org.scalatestplus.play.BaseOneAppPerTest.withFixture$(BaseOneAppPerTest.scala:72)
	at controllers.HomeControllerSpec.withFixture(HomeControllerSpec.scala:14)
	at org.scalatest.WordSpecLike.invokeWithFixture$1(WordSpecLike.scala:1076)
	at org.scalatest.WordSpecLike.$anonfun$runTest$1(WordSpecLike.scala:1088)
	at org.scalatest.SuperEngine.runTestImpl(Engine.scala:289)
	at org.scalatest.WordSpecLike.runTest(WordSpecLike.scala:1088)
	at org.scalatest.WordSpecLike.runTest$(WordSpecLike.scala:1070)
	at org.scalatest.WordSpec.runTest(WordSpec.scala:1881)
	at org.scalatest.WordSpecLike.$anonfun$runTests$1(WordSpecLike.scala:1147)
	at org.scalatest.SuperEngine.$anonfun$runTestsInBranch$1(Engine.scala:396)
	at scala.collection.immutable.List.foreach(List.scala:389)
	at org.scalatest.SuperEngine.traverseSubNodes$1(Engine.scala:384)
	at org.scalatest.SuperEngine.runTestsInBranch(Engine.scala:373)
	at org.scalatest.SuperEngine.$anonfun$runTestsInBranch$1(Engine.scala:410)
	at scala.collection.immutable.List.foreach(List.scala:389)
	at org.scalatest.SuperEngine.traverseSubNodes$1(Engine.scala:384)
	at org.scalatest.SuperEngine.runTestsInBranch(Engine.scala:379)
	at org.scalatest.SuperEngine.runTestsImpl(Engine.scala:461)
	at org.scalatest.WordSpecLike.runTests(WordSpecLike.scala:1147)
	at org.scalatest.WordSpecLike.runTests$(WordSpecLike.scala:1146)
	at org.scalatest.WordSpec.runTests(WordSpec.scala:1881)
	at org.scalatest.Suite.run(Suite.scala:1147)
	at org.scalatest.Suite.run$(Suite.scala:1129)
	at org.scalatest.WordSpec.org$scalatest$WordSpecLike$$super$run(WordSpec.scala:1881)
	at org.scalatest.WordSpecLike.$anonfun$run$1(WordSpecLike.scala:1192)
	at org.scalatest.SuperEngine.runImpl(Engine.scala:521)
	at org.scalatest.WordSpecLike.run(WordSpecLike.scala:1192)
	at org.scalatest.WordSpecLike.run$(WordSpecLike.scala:1190)
	at org.scalatest.WordSpec.run(WordSpec.scala:1881)
	at org.scalatest.tools.Framework.org$scalatest$tools$Framework$$runSuite(Framework.scala:314)
	at org.scalatest.tools.Framework$ScalaTestTask.execute(Framework.scala:507)
	at sbt.ForkMain$Run$2.call(ForkMain.java:296)
	at sbt.ForkMain$Run$2.call(ForkMain.java:286)
	at java.util.concurrent.FutureTask.run(FutureTask.java:266)
	at java.util.concurrent.ThreadPoolExecutor.runWorker(ThreadPoolExecutor.java:1149)
	at java.util.concurrent.ThreadPoolExecutor$Worker.run(ThreadPoolExecutor.java:624)
	at java.lang.Thread.run(Thread.java:748)
Caused by: sbt.ForkMain$ForkError: play.api.cache.ehcache.EhCacheExistsException: An EhCache instance with name 'play' already exists.

This usually indicates that multiple instances of a dependent component (e.g. a Play application) have been started at the same time.
         
	at play.api.cache.ehcache.NamedEhCacheProvider$.getNamedCache(EhCacheApi.scala:128)
	at play.api.cache.ehcache.NamedEhCacheProvider.get$lzycompute(EhCacheApi.scala:113)
	at play.api.cache.ehcache.NamedEhCacheProvider.get(EhCacheApi.scala:113)
	at play.api.cache.ehcache.NamedEhCacheProvider.get(EhCacheApi.scala:111)
	at com.google.inject.util.Providers$GuicifiedProvider.get(Providers.java:119)
	at com.google.inject.internal.ProviderInternalFactory.provision(ProviderInternalFactory.java:81)
	at com.google.inject.internal.InternalFactoryToInitializableAdapter.provision(InternalFactoryToInitializableAdapter.java:53)
	at com.google.inject.internal.ProviderInternalFactory.circularGet(ProviderInternalFactory.java:61)
	at com.google.inject.internal.InternalFactoryToInitializableAdapter.get(InternalFactoryToInitializableAdapter.java:45)
	at com.google.inject.internal.InjectorImpl$2$1.call(InjectorImpl.java:1019)
	at com.google.inject.internal.InjectorImpl.callInContext(InjectorImpl.java:1092)
	at com.google.inject.internal.InjectorImpl$2.get(InjectorImpl.java:1015)
	at com.google.inject.internal.InjectorImpl.getInstance(InjectorImpl.java:1050)
	at play.api.inject.guice.GuiceInjector.instanceOf(GuiceInjectorBuilder.scala:414)
	at play.api.inject.ContextClassLoaderInjector.$anonfun$instanceOf$4(Injector.scala:119)
	at play.api.inject.ContextClassLoaderInjector.withContext(Injector.scala:126)
	at play.api.inject.ContextClassLoaderInjector.instanceOf(Injector.scala:119)
	at play.api.cache.ehcache.NamedAsyncCacheApiProvider.get$lzycompute(EhCacheApi.scala:139)
	at play.api.cache.ehcache.NamedAsyncCacheApiProvider.get(EhCacheApi.scala:138)
	at play.api.cache.ehcache.NamedAsyncCacheApiProvider.get(EhCacheApi.scala:132)
	at com.google.inject.util.Providers$GuicifiedProvider.get(Providers.java:119)
	at com.google.inject.internal.ProviderInternalFactory.provision(ProviderInternalFactory.java:81)
	at com.google.inject.internal.InternalFactoryToInitializableAdapter.provision(InternalFactoryToInitializableAdapter.java:53)
	at com.google.inject.internal.ProviderInternalFactory.circularGet(ProviderInternalFactory.java:61)
	at com.google.inject.internal.InternalFactoryToInitializableAdapter.get(InternalFactoryToInitializableAdapter.java:45)
	at com.google.inject.internal.FactoryProxy.get(FactoryProxy.java:56)
	at com.google.inject.internal.SingleParameterInjector.inject(SingleParameterInjector.java:38)
	at com.google.inject.internal.SingleParameterInjector.getAll(SingleParameterInjector.java:62)
	at com.google.inject.internal.ConstructorInjector.provision(ConstructorInjector.java:110)
	at com.google.inject.internal.ConstructorInjector.construct(ConstructorInjector.java:90)
	at com.google.inject.internal.ConstructorBindingImpl$Factory.get(ConstructorBindingImpl.java:268)
	at com.google.inject.internal.SingleParameterInjector.inject(SingleParameterInjector.java:38)
	at com.google.inject.internal.SingleParameterInjector.getAll(SingleParameterInjector.java:62)
	at com.google.inject.internal.ConstructorInjector.provision(ConstructorInjector.java:110)
	at com.google.inject.internal.ConstructorInjector.construct(ConstructorInjector.java:90)
	at com.google.inject.internal.ConstructorBindingImpl$Factory.get(ConstructorBindingImpl.java:268)
	at com.google.inject.internal.ProviderToInternalFactoryAdapter$1.call(ProviderToInternalFactoryAdapter.java:46)
	at com.google.inject.internal.InjectorImpl.callInContext(InjectorImpl.java:1092)
	at com.google.inject.internal.ProviderToInternalFactoryAdapter.get(ProviderToInternalFactoryAdapter.java:40)
	at com.google.inject.internal.SingletonScope$1.get(SingletonScope.java:194)
	at com.google.inject.internal.InternalFactoryToProviderAdapter.get(InternalFactoryToProviderAdapter.java:41)
	at com.google.inject.internal.SingleParameterInjector.inject(SingleParameterInjector.java:38)
	at com.google.inject.internal.SingleParameterInjector.getAll(SingleParameterInjector.java:62)
	at com.google.inject.internal.ConstructorInjector.provision(ConstructorInjector.java:110)
	at com.google.inject.internal.ConstructorInjector.construct(ConstructorInjector.java:90)
	at com.google.inject.internal.ConstructorBindingImpl$Factory.get(ConstructorBindingImpl.java:268)
	at com.google.inject.internal.InjectorImpl$2$1.call(InjectorImpl.java:1019)
	at com.google.inject.internal.InjectorImpl.callInContext(InjectorImpl.java:1092)
	at com.google.inject.internal.InjectorImpl$2.get(InjectorImpl.java:1015)
	at com.google.inject.internal.InjectorImpl.getInstance(InjectorImpl.java:1054)
	at play.api.inject.guice.GuiceInjector.instanceOf(GuiceInjectorBuilder.scala:409)
	at play.api.inject.ContextClassLoaderInjector.$anonfun$instanceOf$3(Injector.scala:118)
	at play.api.inject.ContextClassLoaderInjector.withContext(Injector.scala:126)
	at play.api.inject.ContextClassLoaderInjector.instanceOf(Injector.scala:118)
	at play.api.inject.RoutesProvider.$anonfun$get$2(BuiltinModule.scala:104)
	at scala.Option.fold(Option.scala:158)
	at play.api.inject.RoutesProvider.get$lzycompute(BuiltinModule.scala:104)
	at play.api.inject.RoutesProvider.get(BuiltinModule.scala:100)
	at play.api.inject.RoutesProvider.get(BuiltinModule.scala:99)
	at com.google.inject.internal.ProviderInternalFactory.provision(ProviderInternalFactory.java:81)
	at com.google.inject.internal.BoundProviderFactory.provision(BoundProviderFactory.java:72)
	at com.google.inject.internal.ProviderInternalFactory.circularGet(ProviderInternalFactory.java:61)
	at com.google.inject.internal.BoundProviderFactory.get(BoundProviderFactory.java:62)
	at com.google.inject.internal.SingleParameterInjector.inject(SingleParameterInjector.java:38)
	at com.google.inject.internal.SingleParameterInjector.getAll(SingleParameterInjector.java:62)
	at com.google.inject.internal.ConstructorInjector.provision(ConstructorInjector.java:110)
	at com.google.inject.internal.ConstructorInjector.construct(ConstructorInjector.java:90)
	at com.google.inject.internal.ConstructorBindingImpl$Factory.get(ConstructorBindingImpl.java:268)
	at com.google.inject.internal.FactoryProxy.get(FactoryProxy.java:56)
	at com.google.inject.internal.SingleParameterInjector.inject(SingleParameterInjector.java:38)
	at com.google.inject.internal.SingleParameterInjector.getAll(SingleParameterInjector.java:62)
	at com.google.inject.internal.ConstructorInjector.provision(ConstructorInjector.java:110)
	at com.google.inject.internal.ConstructorInjector.construct(ConstructorInjector.java:90)
	at com.google.inject.internal.ConstructorBindingImpl$Factory.get(ConstructorBindingImpl.java:268)
	at com.google.inject.internal.ProviderToInternalFactoryAdapter$1.call(ProviderToInternalFactoryAdapter.java:46)
	at com.google.inject.internal.InjectorImpl.callInContext(InjectorImpl.java:1092)
	at com.google.inject.internal.ProviderToInternalFactoryAdapter.get(ProviderToInternalFactoryAdapter.java:40)
	at com.google.inject.internal.SingletonScope$1.get(SingletonScope.java:194)
	at com.google.inject.internal.InternalFactoryToProviderAdapter.get(InternalFactoryToProviderAdapter.java:41)
	at com.google.inject.internal.FactoryProxy.get(FactoryProxy.java:56)
	at com.google.inject.internal.InjectorImpl$2$1.call(InjectorImpl.java:1019)
	at com.google.inject.internal.InjectorImpl.callInContext(InjectorImpl.java:1085)
	at com.google.inject.internal.InjectorImpl$2.get(InjectorImpl.java:1015)
	... 51 more
Caused by: sbt.ForkMain$ForkError: net.sf.ehcache.ObjectExistsException: Cache play already exists
	at net.sf.ehcache.CacheManager.addCache(CacheManager.java:1237)
	at play.api.cache.ehcache.NamedEhCacheProvider$.getNamedCache(EhCacheApi.scala:119)
	... 133 more
</failure>
                                               </testcase><testcase classname="controllers.HomeControllerSpec" name="HomeController GET should render the index page from the router" time="0.201">
                                                 <failure message="com.google.inject.ProvisionException: Unable to provision, see the following errors:

1) Error in custom provider, play.api.cache.ehcache.EhCacheExistsException: An EhCache instance with name 'play' already exists.

This usually indicates that multiple instances of a dependent component (e.g. a Play application) have been started at the same time.
         
  at play.api.cache.ehcache.EhCacheModule$$anonfun$$lessinit$greater$1.bindCache$1(EhCacheApi.scala:79):
Binding(interface net.sf.ehcache.Ehcache qualified with QualifierInstance(@play.cache.NamedCache(value=play)) to ProviderTarget(play.api.cache.ehcache.NamedEhCacheProvider@42fc7481)) (via modules: com.google.inject.util.Modules$OverrideModule -&gt; play.api.inject.guice.GuiceableModuleConversions$$anon$1)
  while locating net.sf.ehcache.Ehcache annotated with @play.cache.NamedCache(value=play)
  at play.api.cache.ehcache.EhCacheModule$$anonfun$$lessinit$greater$1.bindCache$1(EhCacheApi.scala:80):
Binding(interface play.api.cache.AsyncCacheApi qualified with QualifierInstance(@play.cache.NamedCache(value=play)) to ProviderTarget(play.api.cache.ehcache.NamedAsyncCacheApiProvider@3b23f3c7)) (via modules: com.google.inject.util.Modules$OverrideModule -&gt; play.api.inject.guice.GuiceableModuleConversions$$anon$1)
  while locating play.api.cache.AsyncCacheApi annotated with @play.cache.NamedCache(value=play)
  while locating play.api.cache.AsyncCacheApi
    for the 1st parameter of models.UserInfoRepo.&lt;init&gt;(UserInfoRepo.scala:10)
  while locating models.UserInfoRepo
    for the 2nd parameter of controllers.HomeController.&lt;init&gt;(HomeController.scala:18)
  at controllers.HomeController.class(HomeController.scala:18)
  while locating controllers.HomeController
    for the 2nd parameter of router.Routes.&lt;init&gt;(Routes.scala:29)
  while locating router.Routes
  while locating play.api.inject.RoutesProvider
  while locating play.api.routing.Router
    for the 1st parameter of play.api.http.JavaCompatibleHttpRequestHandler.&lt;init&gt;(HttpRequestHandler.scala:222)
  while locating play.api.http.JavaCompatibleHttpRequestHandler
  while locating play.api.http.HttpRequestHandler
    for the 6th parameter of play.api.DefaultApplication.&lt;init&gt;(Application.scala:236)
  at play.api.DefaultApplication.class(Application.scala:235)
  while locating play.api.DefaultApplication
  while locating play.api.Application

1 error" type="sbt.ForkMain$ForkError">sbt.ForkMain$ForkError: com.google.inject.ProvisionException: Unable to provision, see the following errors:

1) Error in custom provider, play.api.cache.ehcache.EhCacheExistsException: An EhCache instance with name 'play' already exists.

This usually indicates that multiple instances of a dependent component (e.g. a Play application) have been started at the same time.
         
  at play.api.cache.ehcache.EhCacheModule$$anonfun$$lessinit$greater$1.bindCache$1(EhCacheApi.scala:79):
Binding(interface net.sf.ehcache.Ehcache qualified with QualifierInstance(@play.cache.NamedCache(value=play)) to ProviderTarget(play.api.cache.ehcache.NamedEhCacheProvider@42fc7481)) (via modules: com.google.inject.util.Modules$OverrideModule -&gt; play.api.inject.guice.GuiceableModuleConversions$$anon$1)
  while locating net.sf.ehcache.Ehcache annotated with @play.cache.NamedCache(value=play)
  at play.api.cache.ehcache.EhCacheModule$$anonfun$$lessinit$greater$1.bindCache$1(EhCacheApi.scala:80):
Binding(interface play.api.cache.AsyncCacheApi qualified with QualifierInstance(@play.cache.NamedCache(value=play)) to ProviderTarget(play.api.cache.ehcache.NamedAsyncCacheApiProvider@3b23f3c7)) (via modules: com.google.inject.util.Modules$OverrideModule -&gt; play.api.inject.guice.GuiceableModuleConversions$$anon$1)
  while locating play.api.cache.AsyncCacheApi annotated with @play.cache.NamedCache(value=play)
  while locating play.api.cache.AsyncCacheApi
    for the 1st parameter of models.UserInfoRepo.&lt;init&gt;(UserInfoRepo.scala:10)
  while locating models.UserInfoRepo
    for the 2nd parameter of controllers.HomeController.&lt;init&gt;(HomeController.scala:18)
  at controllers.HomeController.class(HomeController.scala:18)
  while locating controllers.HomeController
    for the 2nd parameter of router.Routes.&lt;init&gt;(Routes.scala:29)
  while locating router.Routes
  while locating play.api.inject.RoutesProvider
  while locating play.api.routing.Router
    for the 1st parameter of play.api.http.JavaCompatibleHttpRequestHandler.&lt;init&gt;(HttpRequestHandler.scala:222)
  while locating play.api.http.JavaCompatibleHttpRequestHandler
  while locating play.api.http.HttpRequestHandler
    for the 6th parameter of play.api.DefaultApplication.&lt;init&gt;(Application.scala:236)
  at play.api.DefaultApplication.class(Application.scala:235)
  while locating play.api.DefaultApplication
  while locating play.api.Application

1 error
	at com.google.inject.internal.InjectorImpl$2.get(InjectorImpl.java:1028)
	at com.google.inject.internal.InjectorImpl.getInstance(InjectorImpl.java:1054)
	at play.api.inject.guice.GuiceInjector.instanceOf(GuiceInjectorBuilder.scala:409)
	at play.api.inject.guice.GuiceInjector.instanceOf(GuiceInjectorBuilder.scala:404)
	at play.api.inject.ContextClassLoaderInjector.$anonfun$instanceOf$2(Injector.scala:117)
	at play.api.inject.ContextClassLoaderInjector.withContext(Injector.scala:126)
	at play.api.inject.ContextClassLoaderInjector.instanceOf(Injector.scala:117)
	at play.api.inject.guice.GuiceApplicationBuilder.build(GuiceApplicationBuilder.scala:137)
	at org.scalatestplus.play.guice.GuiceFakeApplicationFactory.fakeApplication(GuiceFakeApplicationFactory.scala:16)
	at org.scalatestplus.play.guice.GuiceFakeApplicationFactory.fakeApplication$(GuiceFakeApplicationFactory.scala:16)
	at controllers.HomeControllerSpec.fakeApplication(HomeControllerSpec.scala:14)
	at org.scalatestplus.play.BaseOneAppPerTest.newAppForTest(BaseOneAppPerTest.scala:55)
	at org.scalatestplus.play.BaseOneAppPerTest.newAppForTest$(BaseOneAppPerTest.scala:55)
	at controllers.HomeControllerSpec.newAppForTest(HomeControllerSpec.scala:14)
	at org.scalatestplus.play.BaseOneAppPerTest.withFixture(BaseOneAppPerTest.scala:73)
	at org.scalatestplus.play.BaseOneAppPerTest.withFixture$(BaseOneAppPerTest.scala:72)
	at controllers.HomeControllerSpec.withFixture(HomeControllerSpec.scala:14)
	at org.scalatest.WordSpecLike.invokeWithFixture$1(WordSpecLike.scala:1076)
	at org.scalatest.WordSpecLike.$anonfun$runTest$1(WordSpecLike.scala:1088)
	at org.scalatest.SuperEngine.runTestImpl(Engine.scala:289)
	at org.scalatest.WordSpecLike.runTest(WordSpecLike.scala:1088)
	at org.scalatest.WordSpecLike.runTest$(WordSpecLike.scala:1070)
	at org.scalatest.WordSpec.runTest(WordSpec.scala:1881)
	at org.scalatest.WordSpecLike.$anonfun$runTests$1(WordSpecLike.scala:1147)
	at org.scalatest.SuperEngine.$anonfun$runTestsInBranch$1(Engine.scala:396)
	at scala.collection.immutable.List.foreach(List.scala:389)
	at org.scalatest.SuperEngine.traverseSubNodes$1(Engine.scala:384)
	at org.scalatest.SuperEngine.runTestsInBranch(Engine.scala:373)
	at org.scalatest.SuperEngine.$anonfun$runTestsInBranch$1(Engine.scala:410)
	at scala.collection.immutable.List.foreach(List.scala:389)
	at org.scalatest.SuperEngine.traverseSubNodes$1(Engine.scala:384)
	at org.scalatest.SuperEngine.runTestsInBranch(Engine.scala:379)
	at org.scalatest.SuperEngine.runTestsImpl(Engine.scala:461)
	at org.scalatest.WordSpecLike.runTests(WordSpecLike.scala:1147)
	at org.scalatest.WordSpecLike.runTests$(WordSpecLike.scala:1146)
	at org.scalatest.WordSpec.runTests(WordSpec.scala:1881)
	at org.scalatest.Suite.run(Suite.scala:1147)
	at org.scalatest.Suite.run$(Suite.scala:1129)
	at org.scalatest.WordSpec.org$scalatest$WordSpecLike$$super$run(WordSpec.scala:1881)
	at org.scalatest.WordSpecLike.$anonfun$run$1(WordSpecLike.scala:1192)
	at org.scalatest.SuperEngine.runImpl(Engine.scala:521)
	at org.scalatest.WordSpecLike.run(WordSpecLike.scala:1192)
	at org.scalatest.WordSpecLike.run$(WordSpecLike.scala:1190)
	at org.scalatest.WordSpec.run(WordSpec.scala:1881)
	at org.scalatest.tools.Framework.org$scalatest$tools$Framework$$runSuite(Framework.scala:314)
	at org.scalatest.tools.Framework$ScalaTestTask.execute(Framework.scala:507)
	at sbt.ForkMain$Run$2.call(ForkMain.java:296)
	at sbt.ForkMain$Run$2.call(ForkMain.java:286)
	at java.util.concurrent.FutureTask.run(FutureTask.java:266)
	at java.util.concurrent.ThreadPoolExecutor.runWorker(ThreadPoolExecutor.java:1149)
	at java.util.concurrent.ThreadPoolExecutor$Worker.run(ThreadPoolExecutor.java:624)
	at java.lang.Thread.run(Thread.java:748)
Caused by: sbt.ForkMain$ForkError: play.api.cache.ehcache.EhCacheExistsException: An EhCache instance with name 'play' already exists.

This usually indicates that multiple instances of a dependent component (e.g. a Play application) have been started at the same time.
         
	at play.api.cache.ehcache.NamedEhCacheProvider$.getNamedCache(EhCacheApi.scala:128)
	at play.api.cache.ehcache.NamedEhCacheProvider.get$lzycompute(EhCacheApi.scala:113)
	at play.api.cache.ehcache.NamedEhCacheProvider.get(EhCacheApi.scala:113)
	at play.api.cache.ehcache.NamedEhCacheProvider.get(EhCacheApi.scala:111)
	at com.google.inject.util.Providers$GuicifiedProvider.get(Providers.java:119)
	at com.google.inject.internal.ProviderInternalFactory.provision(ProviderInternalFactory.java:81)
	at com.google.inject.internal.InternalFactoryToInitializableAdapter.provision(InternalFactoryToInitializableAdapter.java:53)
	at com.google.inject.internal.ProviderInternalFactory.circularGet(ProviderInternalFactory.java:61)
	at com.google.inject.internal.InternalFactoryToInitializableAdapter.get(InternalFactoryToInitializableAdapter.java:45)
	at com.google.inject.internal.InjectorImpl$2$1.call(InjectorImpl.java:1019)
	at com.google.inject.internal.InjectorImpl.callInContext(InjectorImpl.java:1092)
	at com.google.inject.internal.InjectorImpl$2.get(InjectorImpl.java:1015)
	at com.google.inject.internal.InjectorImpl.getInstance(InjectorImpl.java:1050)
	at play.api.inject.guice.GuiceInjector.instanceOf(GuiceInjectorBuilder.scala:414)
	at play.api.inject.ContextClassLoaderInjector.$anonfun$instanceOf$4(Injector.scala:119)
	at play.api.inject.ContextClassLoaderInjector.withContext(Injector.scala:126)
	at play.api.inject.ContextClassLoaderInjector.instanceOf(Injector.scala:119)
	at play.api.cache.ehcache.NamedAsyncCacheApiProvider.get$lzycompute(EhCacheApi.scala:139)
	at play.api.cache.ehcache.NamedAsyncCacheApiProvider.get(EhCacheApi.scala:138)
	at play.api.cache.ehcache.NamedAsyncCacheApiProvider.get(EhCacheApi.scala:132)
	at com.google.inject.util.Providers$GuicifiedProvider.get(Providers.java:119)
	at com.google.inject.internal.ProviderInternalFactory.provision(ProviderInternalFactory.java:81)
	at com.google.inject.internal.InternalFactoryToInitializableAdapter.provision(InternalFactoryToInitializableAdapter.java:53)
	at com.google.inject.internal.ProviderInternalFactory.circularGet(ProviderInternalFactory.java:61)
	at com.google.inject.internal.InternalFactoryToInitializableAdapter.get(InternalFactoryToInitializableAdapter.java:45)
	at com.google.inject.internal.FactoryProxy.get(FactoryProxy.java:56)
	at com.google.inject.internal.SingleParameterInjector.inject(SingleParameterInjector.java:38)
	at com.google.inject.internal.SingleParameterInjector.getAll(SingleParameterInjector.java:62)
	at com.google.inject.internal.ConstructorInjector.provision(ConstructorInjector.java:110)
	at com.google.inject.internal.ConstructorInjector.construct(ConstructorInjector.java:90)
	at com.google.inject.internal.ConstructorBindingImpl$Factory.get(ConstructorBindingImpl.java:268)
	at com.google.inject.internal.SingleParameterInjector.inject(SingleParameterInjector.java:38)
	at com.google.inject.internal.SingleParameterInjector.getAll(SingleParameterInjector.java:62)
	at com.google.inject.internal.ConstructorInjector.provision(ConstructorInjector.java:110)
	at com.google.inject.internal.ConstructorInjector.construct(ConstructorInjector.java:90)
	at com.google.inject.internal.ConstructorBindingImpl$Factory.get(ConstructorBindingImpl.java:268)
	at com.google.inject.internal.ProviderToInternalFactoryAdapter$1.call(ProviderToInternalFactoryAdapter.java:46)
	at com.google.inject.internal.InjectorImpl.callInContext(InjectorImpl.java:1092)
	at com.google.inject.internal.ProviderToInternalFactoryAdapter.get(ProviderToInternalFactoryAdapter.java:40)
	at com.google.inject.internal.SingletonScope$1.get(SingletonScope.java:194)
	at com.google.inject.internal.InternalFactoryToProviderAdapter.get(InternalFactoryToProviderAdapter.java:41)
	at com.google.inject.internal.SingleParameterInjector.inject(SingleParameterInjector.java:38)
	at com.google.inject.internal.SingleParameterInjector.getAll(SingleParameterInjector.java:62)
	at com.google.inject.internal.ConstructorInjector.provision(ConstructorInjector.java:110)
	at com.google.inject.internal.ConstructorInjector.construct(ConstructorInjector.java:90)
	at com.google.inject.internal.ConstructorBindingImpl$Factory.get(ConstructorBindingImpl.java:268)
	at com.google.inject.internal.InjectorImpl$2$1.call(InjectorImpl.java:1019)
	at com.google.inject.internal.InjectorImpl.callInContext(InjectorImpl.java:1092)
	at com.google.inject.internal.InjectorImpl$2.get(InjectorImpl.java:1015)
	at com.google.inject.internal.InjectorImpl.getInstance(InjectorImpl.java:1054)
	at play.api.inject.guice.GuiceInjector.instanceOf(GuiceInjectorBuilder.scala:409)
	at play.api.inject.ContextClassLoaderInjector.$anonfun$instanceOf$3(Injector.scala:118)
	at play.api.inject.ContextClassLoaderInjector.withContext(Injector.scala:126)
	at play.api.inject.ContextClassLoaderInjector.instanceOf(Injector.scala:118)
	at play.api.inject.RoutesProvider.$anonfun$get$2(BuiltinModule.scala:104)
	at scala.Option.fold(Option.scala:158)
	at play.api.inject.RoutesProvider.get$lzycompute(BuiltinModule.scala:104)
	at play.api.inject.RoutesProvider.get(BuiltinModule.scala:100)
	at play.api.inject.RoutesProvider.get(BuiltinModule.scala:99)
	at com.google.inject.internal.ProviderInternalFactory.provision(ProviderInternalFactory.java:81)
	at com.google.inject.internal.BoundProviderFactory.provision(BoundProviderFactory.java:72)
	at com.google.inject.internal.ProviderInternalFactory.circularGet(ProviderInternalFactory.java:61)
	at com.google.inject.internal.BoundProviderFactory.get(BoundProviderFactory.java:62)
	at com.google.inject.internal.SingleParameterInjector.inject(SingleParameterInjector.java:38)
	at com.google.inject.internal.SingleParameterInjector.getAll(SingleParameterInjector.java:62)
	at com.google.inject.internal.ConstructorInjector.provision(ConstructorInjector.java:110)
	at com.google.inject.internal.ConstructorInjector.construct(ConstructorInjector.java:90)
	at com.google.inject.internal.ConstructorBindingImpl$Factory.get(ConstructorBindingImpl.java:268)
	at com.google.inject.internal.FactoryProxy.get(FactoryProxy.java:56)
	at com.google.inject.internal.SingleParameterInjector.inject(SingleParameterInjector.java:38)
	at com.google.inject.internal.SingleParameterInjector.getAll(SingleParameterInjector.java:62)
	at com.google.inject.internal.ConstructorInjector.provision(ConstructorInjector.java:110)
	at com.google.inject.internal.ConstructorInjector.construct(ConstructorInjector.java:90)
	at com.google.inject.internal.ConstructorBindingImpl$Factory.get(ConstructorBindingImpl.java:268)
	at com.google.inject.internal.ProviderToInternalFactoryAdapter$1.call(ProviderToInternalFactoryAdapter.java:46)
	at com.google.inject.internal.InjectorImpl.callInContext(InjectorImpl.java:1092)
	at com.google.inject.internal.ProviderToInternalFactoryAdapter.get(ProviderToInternalFactoryAdapter.java:40)
	at com.google.inject.internal.SingletonScope$1.get(SingletonScope.java:194)
	at com.google.inject.internal.InternalFactoryToProviderAdapter.get(InternalFactoryToProviderAdapter.java:41)
	at com.google.inject.internal.FactoryProxy.get(FactoryProxy.java:56)
	at com.google.inject.internal.InjectorImpl$2$1.call(InjectorImpl.java:1019)
	at com.google.inject.internal.InjectorImpl.callInContext(InjectorImpl.java:1085)
	at com.google.inject.internal.InjectorImpl$2.get(InjectorImpl.java:1015)
	... 51 more
Caused by: sbt.ForkMain$ForkError: net.sf.ehcache.ObjectExistsException: Cache play already exists
	at net.sf.ehcache.CacheManager.addCache(CacheManager.java:1237)
	at play.api.cache.ehcache.NamedEhCacheProvider$.getNamedCache(EhCacheApi.scala:119)
	... 133 more
</failure>
                                               </testcase>
                     <system-out><![CDATA[]]></system-out>
                     <system-err><![CDATA[]]></system-err>
                   </testsuite>